[LOG] System::create                           : Header version = 2.01.11. Current version = 2.01.11.
[LOG] Manager::init                            : maxchannels = 256 studioflags = 00000006 flags 00000000 extradriverdata 0x0.
[LOG] SystemI::init                            : Initialize version=20111 (118066), maxchannels=256, flags=0x00020000
[LOG] SystemI::setOutputInternal               : Setting output to 'FMOD Core Audio Output'
[LOG] OutputCoreAudio::init                    : Output running 2 channels at 44100Hz sample rate.
[LOG] OutputCoreAudio::init                    : Maximum hardware read size: 512 samples, Software buffer size: 512 samples, Number of software buffers: 4.
[LOG] SystemI::init                            : Output requires a sample rate of 44100Hz, resampling will occur.
[LOG] Thread::initThread                       : Init FMOD stream thread. Affinity: 0x8000000000000003, Priority: 0xFFFF7FFB, Stack Size: 98304, Semaphore: No, Sleep Time: 10, Looping: Yes.
[LOG] Thread::initThread                       : Init FMOD mixer thread. Affinity: 0x8000000000000001, Priority: 0xFFFF7FFA, Stack Size: 81920, Semaphore: Yes, Sleep Time: 0, Looping: Yes.
[LOG] AsyncManager::init                       : manager 0x7fe2aaf93008 isAsync 0 updatePeriod 0.02
[LOG] AsyncManager::init                       : done
[LOG] PlaybackSystem::init                     : 
[LOG] Thread::initThread                       : Init FMOD Studio sample load thread. Affinity: 0x8000000000000003, Priority: 0xFFFF7FFD, Stack Size: 98304, Semaphore: No, Sleep Time: 1, Looping: No.
[LOG] PlaybackSystem::init                     : done
[LOG] Thread::initThread                       : Init FMOD Studio bank load thread. Affinity: 0x8000000000000003, Priority: 0xFFFF7FFD, Stack Size: 98304, Semaphore: No, Sleep Time: 1, Looping: No.
[LOG] Manager::init                            : done.
[LOG] Manager::readBank                        : fileversion = 135, compatVersion = 132 (oldest = 44, newest = 135)
[LOG] Manager::readBank                        : fileversion = 135, compatVersion = 132 (oldest = 44, newest = 135)
[LOG] Manager::readBank                        : fileversion = 135, compatVersion = 132 (oldest = 44, newest = 135)
[LOG] PlaybackSystem::acquireMasterBus         : Setting master channel group format to 6
[LOG] SystemI::createSound                     : filename = ../../UCSC/CMPM 150/PaintedWorldFMOD/Build/Desktop/Master.bank : mode 02010082
[LOG] SystemI::createSound                     : FMOD_NONBLOCKING specified.  Putting into queue to be opened asynchronously!
[LOG] SystemI::createSound                     : setdata soundi = 0x7fe2a9fe0b88 : node = 0x7fe29f7b5740
[LOG] SystemI::createSound                     : add node to async list : head = 0x7fe2a09dbd68.  list count = 0
[LOG] AsyncThread::threadFunc                  : Starting Asynchronous operation on sound 0x7fe2a9fe0b88
[LOG] SystemI::createSoundInternal             :     Create name='../../UCSC/CMPM 150/PaintedWorldFMOD/Build/Desktop/Master.bank', mode=0x02010082
[LOG] SystemI::createSoundInternal             :     exinfo->cbsize             = 224
[LOG] SystemI::createSoundInternal             :     exinfo->length             = 3739648
[LOG] SystemI::createSoundInternal             :     exinfo->fileoffset         = 11968
[LOG] SystemI::createSoundInternal             :     exinfo->numsubsounds       = 1
[LOG] SystemI::createSoundInternal             :     exinfo->inclusionlist      = 0x7fe29f7b5850
[LOG] SystemI::createSoundInternal             :     exinfo->inclusionlistnum   = 1
[LOG] SystemI::createSoundInternal             :     exinfo->suggestedsoundtype = 5
[LOG] SystemI::createSoundInternal             :     exinfo->initialseekpostype = 1
[LOG] SystemI::createSoundInternal             :     Stream 0/1: name='gravel-footsteps', format=5, channels=1, frequency=48000, lengthbytes=287648, lengthpcm=1501742, pcmblocksize=0, loopstart=0, loopend=0, mode=0x00000000, channelmask=0x00000000, channelorder=0, peakvolume=0.885439.
[LOG] AsyncThread::threadFunc                  : Finished Asynchronous operation on sound 0x7fe2a9fe0b88
[LOG] SystemI::createSoundInternal             : Create name='', mode=0x02000202
[LOG] SystemI::createSoundInternal             : exinfo->cbsize             = 224
[LOG] SystemI::createSoundInternal             : exinfo->length             = 3739648
[LOG] SystemI::createSoundInternal             : exinfo->fileoffset         = 11968
[LOG] SystemI::createSoundInternal             : exinfo->numsubsounds       = 1
[LOG] SystemI::createSoundInternal             : exinfo->inclusionlist      = 0x70000e16294c
[LOG] SystemI::createSoundInternal             : exinfo->inclusionlistnum   = 1
[LOG] SystemI::createSoundInternal             : exinfo->suggestedsoundtype = 5
[LOG] SystemI::createSoundInternal             : exinfo->useropen           = 0x1646efc66
[LOG] SystemI::createSoundInternal             : exinfo->userclose          = 0x1646efd1d
[LOG] SystemI::createSoundInternal             : exinfo->userread           = 0x1646efd4a
[LOG] SystemI::createSoundInternal             : exinfo->userseek           = 0x1646efde8
[LOG] SystemI::createSoundInternal             : exinfo->fileuserdata       = 0x7fe2a0b7ee28
[LOG] SystemI::createSoundInternal             : exinfo->initialseekpostype = 1
[LOG] SystemI::DSPCodecPoolRegister            : register codec pool for pool type 5
[LOG] SystemI::createSoundInternal             : Sample 0/1: name='leaves-1', format=5, channels=2, frequency=48000, lengthbytes=10944, lengthpcm=56448, pcmblocksize=0, loopstart=0, loopend=0, mode=0x00000000, channelmask=0x00000000, channelorder=0, peakvolume=0.034515.
[LOG] SystemI::createSoundInternal             : Create name='', mode=0x02000202
[LOG] SystemI::createSoundInternal             : exinfo->cbsize             = 224
[LOG] SystemI::createSoundInternal             : exinfo->length             = 3739648
[LOG] SystemI::createSoundInternal             : exinfo->fileoffset         = 11968
[LOG] SystemI::createSoundInternal             : exinfo->numsubsounds       = 1
[LOG] SystemI::createSoundInternal             : exinfo->inclusionlist      = 0x70000e16294c
[LOG] SystemI::createSoundInternal             : exinfo->inclusionlistnum   = 1
[LOG] SystemI::createSoundInternal             : exinfo->suggestedsoundtype = 5
[LOG] SystemI::createSoundInternal             : exinfo->useropen           = 0x1646efc66
[LOG] SystemI::createSoundInternal             : exinfo->userclose          = 0x1646efd1d
[LOG] SystemI::createSoundInternal             : exinfo->userread           = 0x1646efd4a
[LOG] SystemI::createSoundInternal             : exinfo->userseek           = 0x1646efde8
[LOG] SystemI::createSoundInternal             : exinfo->fileuserdata       = 0x7fe2a0b7ee28
[LOG] SystemI::createSoundInternal             : exinfo->initialseekpostype = 1
[LOG] SystemI::DSPCodecPoolRegister            : register codec pool for pool type 5
[LOG] SystemI::createSoundInternal             : Sample 0/1: name='leaves-2', format=5, channels=2, frequency=48000, lengthbytes=12768, lengthpcm=66816, pcmblocksize=0, loopstart=0, loopend=0, mode=0x00000000, channelmask=0x00000000, channelorder=0, peakvolume=0.089722.
[LOG] SystemI::createSound                     : filename = ../../UCSC/CMPM 150/PaintedWorldFMOD/Build/Desktop/Master.bank : mode 02010082
[LOG] SystemI::createSound                     : FMOD_NONBLOCKING specified.  Putting into queue to be opened asynchronously!
[LOG] SystemI::createSound                     : setdata soundi = 0x7fe2a08a3588 : node = 0x7fe2a08bd140
[LOG] SystemI::createSound                     : add node to async list : head = 0x7fe2a09dbd68.  list count = 0
[LOG] AsyncThread::threadFunc                  : Starting Asynchronous operation on sound 0x7fe2a08a3588
[LOG] SystemI::createSoundInternal             :     Create name='../../UCSC/CMPM 150/PaintedWorldFMOD/Build/Desktop/Master.bank', mode=0x02010082
[LOG] SystemI::createSoundInternal             :     exinfo->cbsize             = 224
[LOG] SystemI::createSoundInternal             :     exinfo->length             = 3739648
[LOG] SystemI::createSoundInternal             :     exinfo->fileoffset         = 11968
[LOG] SystemI::createSoundInternal             :     exinfo->numsubsounds       = 1
[LOG] SystemI::createSoundInternal             :     exinfo->inclusionlist      = 0x7fe2a08bd250
[LOG] SystemI::createSoundInternal             :     exinfo->inclusionlistnum   = 1
[LOG] SystemI::createSoundInternal             :     exinfo->suggestedsoundtype = 5
[LOG] SystemI::createSoundInternal             :     exinfo->initialseekpostype = 1
[LOG] SystemI::createSoundInternal             :     Stream 0/1: name='leaves-3', format=5, channels=2, frequency=48000, lengthbytes=20736, lengthpcm=108288, pcmblocksize=0, loopstart=0, loopend=0, mode=0x00000000, channelmask=0x00000000, channelorder=0, peakvolume=0.051697.
[LOG] AsyncThread::threadFunc                  : Finished Asynchronous operation on sound 0x7fe2a08a3588
[LOG] SoundI::release                          : leaves-3 (0x7fe2a08a3588)
[LOG] SoundI::release                          :     leaves-3 (0x7fe2a0c10e68)
[LOG] SoundI::release                          :     leaves-3 (0x7fe2a0c10ff8)
[LOG] SystemI::createSound                     : filename = ../../UCSC/CMPM 150/PaintedWorldFMOD/Build/Desktop/Master.bank : mode 02010082
[LOG] SystemI::createSound                     : FMOD_NONBLOCKING specified.  Putting into queue to be opened asynchronously!
[LOG] SystemI::createSound                     : setdata soundi = 0x7fe2a0bdc2a8 : node = 0x7fe2a0b20fa0
[LOG] SystemI::createSound                     : add node to async list : head = 0x7fe2a09dbd68.  list count = 0
[LOG] SoundI::release                          : gravel-footsteps (0x7fe2a9fe0b88)
[LOG] AsyncThread::threadFunc                  :     Starting Asynchronous operation on sound 0x7fe2a0bdc2a8
[LOG] SoundI::release                          :     gravel-footsteps (0x7fe2a0b52468)
[LOG] SoundI::release                          :         gravel-footsteps (0x7fe2a0bcb778)
[LOG] SystemI::createSoundInternal             :         Create name='../../UCSC/CMPM 150/PaintedWorldFMOD/Build/Desktop/Master.bank', mode=0x02010082
[LOG] SystemI::createSoundInternal             :     exinfo->cbsize             = 224
[LOG] SystemI::createSoundInternal             :     exinfo->length             = 3739648
[LOG] SystemI::createSoundInternal             :     exinfo->fileoffset         = 11968
[LOG] SystemI::createSoundInternal             :     exinfo->numsubsounds       = 1
[LOG] SystemI::createSoundInternal             :     exinfo->inclusionlist      = 0x7fe2a0b210b0
[LOG] SystemI::createSoundInternal             :     exinfo->inclusionlistnum   = 1
[LOG] SystemI::createSoundInternal             :     exinfo->suggestedsoundtype = 5
[LOG] SystemI::createSoundInternal             :     exinfo->initialseekpostype = 1
[LOG] SystemI::createSoundInternal             :     Stream 0/1: name='gravel-footsteps', format=5, channels=1, frequency=48000, lengthbytes=287648, lengthpcm=1501742, pcmblocksize=0, loopstart=0, loopend=0, mode=0x00000000, channelmask=0x00000000, channelorder=0, peakvolume=0.885439.
[LOG] AsyncThread::threadFunc                  : Finished Asynchronous operation on sound 0x7fe2a0bdc2a8
[LOG] SoundI::release                          : gravel-footsteps (0x7fe2a0bdc2a8)
[LOG] SoundI::release                          :     gravel-footsteps (0x7fe2a08f4988)
[LOG] SoundI::release                          :     gravel-footsteps (0x7fe2a08f4b18)
[LOG] SystemI::createSound                     : filename = ../../UCSC/CMPM 150/PaintedWorldFMOD/Build/Desktop/Master.bank : mode 02010082
[LOG] SystemI::createSound                     : FMOD_NONBLOCKING specified.  Putting into queue to be opened asynchronously!
[LOG] SystemI::createSound                     : setdata soundi = 0x7fe2a0bcb778 : node = 0x7fe2a0b20fa0
[LOG] SystemI::createSound                     : add node to async list : head = 0x7fe2a09dbd68.  list count = 0
[LOG] AsyncThread::threadFunc                  : Starting Asynchronous operation on sound 0x7fe2a0bcb778
[LOG] SystemI::createSoundInternal             :     Create name='../../UCSC/CMPM 150/PaintedWorldFMOD/Build/Desktop/Master.bank', mode=0x02010082
[LOG] SystemI::createSoundInternal             :     exinfo->cbsize             = 224
[LOG] SystemI::createSoundInternal             :     exinfo->length             = 3739648
[LOG] SystemI::createSoundInternal             :     exinfo->fileoffset         = 11968
[LOG] SystemI::createSoundInternal             :     exinfo->numsubsounds       = 1
[LOG] SystemI::createSoundInternal             :     exinfo->inclusionlist      = 0x7fe2a0b210b0
[LOG] SystemI::createSoundInternal             :     exinfo->inclusionlistnum   = 1
[LOG] SystemI::createSoundInternal             :     exinfo->suggestedsoundtype = 5
[LOG] SystemI::createSoundInternal             :     exinfo->initialseekpostype = 1
[LOG] SystemI::createSoundInternal             :     Stream 0/1: name='gravel-footsteps', format=5, channels=1, frequency=48000, lengthbytes=287648, lengthpcm=1501742, pcmblocksize=0, loopstart=0, loopend=0, mode=0x00000000, channelmask=0x00000000, channelorder=0, peakvolume=0.885439.
[LOG] AsyncThread::threadFunc                  : Finished Asynchronous operation on sound 0x7fe2a0bcb778
[LOG] SoundI::release                          : gravel-footsteps (0x7fe2a0bcb778)
[LOG] SoundI::release                          :     gravel-footsteps (0x7fe2a09d5108)
[LOG] SoundI::release                          :     gravel-footsteps (0x7fe2a09d5298)
[LOG] SystemI::createSound                     : filename = ../../UCSC/CMPM 150/PaintedWorldFMOD/Build/Desktop/Master.bank : mode 02010082
[LOG] SystemI::createSound                     : FMOD_NONBLOCKING specified.  Putting into queue to be opened asynchronously!
[LOG] SystemI::createSound                     : setdata soundi = 0x7fe2a0e5baa8 : node = 0x7fe2a0e5bc60
[LOG] SystemI::createSound                     : add node to async list : head = 0x7fe2a09dbd68.  list count = 0
[LOG] AsyncThread::threadFunc                  : Starting Asynchronous operation on sound 0x7fe2a0e5baa8
[LOG] SystemI::createSoundInternal             :     Create name='../../UCSC/CMPM 150/PaintedWorldFMOD/Build/Desktop/Master.bank', mode=0x02010082
[LOG] SystemI::createSoundInternal             :     exinfo->cbsize             = 224
[LOG] SystemI::createSoundInternal             :     exinfo->length             = 3739648
[LOG] SystemI::createSoundInternal             :     exinfo->fileoffset         = 11968
[LOG] SystemI::createSoundInternal             :     exinfo->numsubsounds       = 1
[LOG] SystemI::createSoundInternal             :     exinfo->inclusionlist      = 0x7fe2a0e5bd70
[LOG] SystemI::createSoundInternal             :     exinfo->inclusionlistnum   = 1
[LOG] SystemI::createSoundInternal             :     exinfo->suggestedsoundtype = 5
[LOG] SystemI::createSoundInternal             :     exinfo->initialseekpostype = 1
[LOG] SystemI::createSoundInternal             :     Stream 0/1: name='gravel-footsteps', format=5, channels=1, frequency=48000, lengthbytes=287648, lengthpcm=1501742, pcmblocksize=0, loopstart=0, loopend=0, mode=0x00000000, channelmask=0x00000000, channelorder=0, peakvolume=0.885439.
[LOG] AsyncThread::threadFunc                  : Finished Asynchronous operation on sound 0x7fe2a0e5baa8
[LOG] SystemI::createSound                     : filename = ../../UCSC/CMPM 150/PaintedWorldFMOD/Build/Desktop/Master.bank : mode 02010082
[LOG] SystemI::createSound                     : FMOD_NONBLOCKING specified.  Putting into queue to be opened asynchronously!
[LOG] SystemI::createSound                     : setdata soundi = 0x7fe29f7e10f8 : node = 0x7fe29f7f70c0
[LOG] SystemI::createSound                     : add node to async list : head = 0x7fe2a09dbd68.  list count = 0
[LOG] AsyncThread::threadFunc                  : Starting Asynchronous operation on sound 0x7fe29f7e10f8
[LOG] SystemI::createSoundInternal             :     Create name='../../UCSC/CMPM 150/PaintedWorldFMOD/Build/Desktop/Master.bank', mode=0x02010082
[LOG] SystemI::createSoundInternal             :     exinfo->cbsize             = 224
[LOG] SystemI::createSoundInternal             :     exinfo->length             = 3739648
[LOG] SystemI::createSoundInternal             :     exinfo->fileoffset         = 11968
[LOG] SystemI::createSoundInternal             :     exinfo->numsubsounds       = 1
[LOG] SystemI::createSoundInternal             :     exinfo->inclusionlist      = 0x7fe29f7f71d0
[LOG] SystemI::createSoundInternal             :     exinfo->inclusionlistnum   = 1
[LOG] SystemI::createSoundInternal             :     exinfo->suggestedsoundtype = 5
[LOG] SystemI::createSoundInternal             :     exinfo->initialseekpostype = 1
[LOG] SystemI::createSoundInternal             :     Create name='', mode=0x02000202
[LOG] SystemI::createSoundInternal             :     exinfo->cbsize             = 224
[LOG] SystemI::createSoundInternal             :     exinfo->length             = 3739648
[LOG] SystemI::createSoundInternal             :     exinfo->fileoffset         = 11968
[LOG] SystemI::createSoundInternal             :     exinfo->numsubsounds       = 1
[LOG] SystemI::createSoundInternal             :     exinfo->inclusionlist      = 0x70000e16294c
[LOG] SystemI::createSoundInternal             :     exinfo->inclusionlistnum   = 1
[LOG] SystemI::createSoundInternal             :     exinfo->suggestedsoundtype = 5
[LOG] SystemI::createSoundInternal             :     exinfo->useropen           = 0x1646efc66
[LOG] SystemI::createSoundInternal             :     exinfo->userclose          = 0x1646efd1d
[LOG] SystemI::createSoundInternal             :     exinfo->userread           = 0x1646efd4a
[LOG] SystemI::createSoundInternal             :     exinfo->userseek           = 0x1646efde8
[LOG] SystemI::createSoundInternal             :     Stream 0/1: name='fireplace', format=5, channels=2, frequency=48000, lengthbytes=1244032, lengthpcm=4646016, pcmblocksize=0, loopstart=0, loopend=0, mode=0x00000000, channelmask=0x00000000, channelorder=0, peakvolume=0.570129.
[LOG] SystemI::createSoundInternal             :     exinfo->fileuserdata       = 0x7fe2a09e1558
[LOG] SystemI::createSoundInternal             :     exinfo->initialseekpostype = 1
[LOG] SystemI::DSPCodecPoolRegister            :     register codec pool for pool type 5
[LOG] SystemI::createSoundInternal             :     Sample 0/1: name='RecordPlayerStart', format=5, channels=2, frequency=48000, lengthbytes=9504, lengthpcm=36864, pcmblocksize=0, loopstart=0, loopend=0, mode=0x00000000, channelmask=0x00000000, channelorder=0, peakvolume=0.262024.
[LOG] AsyncThread::threadFunc                  : Finished Asynchronous operation on sound 0x7fe29f7e10f8
[LOG] SoundI::release                          : gravel-footsteps (0x7fe2a0e5baa8)
[LOG] SoundI::release                          :     gravel-footsteps (0x7fe2a6f79eb8)
[LOG] SoundI::release                          :     gravel-footsteps (0x7fe2a6f2eb78)
[LOG] SoundI::release                          : OutsideAmbience (0x7fe2a09b0eb8)
[LOG] SoundI::release                          :     OutsideAmbience (0x7fe2a0bc8eb8)
[LOG] SoundI::release                          :     OutsideAmbience (0x7fe2a0bc9048)
[LOG] SystemI::createSoundInternal             : Create name='', mode=0x02000202
[LOG] SystemI::createSoundInternal             : exinfo->cbsize             = 224
[LOG] SystemI::createSoundInternal             : exinfo->length             = 3739648
[LOG] SystemI::createSoundInternal             : exinfo->fileoffset         = 11968
[LOG] SystemI::createSoundInternal             : exinfo->numsubsounds       = 1
[LOG] SystemI::createSoundInternal             : exinfo->inclusionlist      = 0x70000e16294c
[LOG] SystemI::createSoundInternal             : exinfo->inclusionlistnum   = 1
[LOG] SystemI::createSoundInternal             : exinfo->suggestedsoundtype = 5
[LOG] SystemI::createSoundInternal             : exinfo->useropen           = 0x1646efc66
[LOG] SystemI::createSoundInternal             : exinfo->userclose          = 0x1646efd1d
[LOG] SystemI::createSoundInternal             : exinfo->userread           = 0x1646efd4a
[LOG] SystemI::createSoundInternal             : exinfo->userseek           = 0x1646efde8
[LOG] SystemI::createSoundInternal             : exinfo->fileuserdata       = 0x7fe2a6fb3f88
[LOG] SystemI::createSoundInternal             : exinfo->initialseekpostype = 1
[LOG] SystemI::DSPCodecPoolRegister            : register codec pool for pool type 5
[LOG] SystemI::createSoundInternal             : Sample 0/1: name='WoodFootsteps', format=5, channels=2, frequency=48000, lengthbytes=37728, lengthpcm=183456, pcmblocksize=0, loopstart=0, loopend=0, mode=0x00000000, channelmask=0x00000000, channelorder=0, peakvolume=0.070025.
[LOG] SystemI::createSound                     : filename = ../../UCSC/CMPM 150/PaintedWorldFMOD/Build/Desktop/Master.bank : mode 02010082
[LOG] SystemI::createSound                     : FMOD_NONBLOCKING specified.  Putting into queue to be opened asynchronously!
[LOG] SystemI::createSound                     : setdata soundi = 0x7fe2a6fe26d8 : node = 0x7fe2a6f72f60
[LOG] SystemI::createSound                     : add node to async list : head = 0x7fe2a09dbd68.  list count = 0
[LOG] AsyncThread::threadFunc                  : Starting Asynchronous operation on sound 0x7fe2a6fe26d8
[LOG] SystemI::createSoundInternal             :     Create name='../../UCSC/CMPM 150/PaintedWorldFMOD/Build/Desktop/Master.bank', mode=0x02010082
[LOG] SystemI::createSoundInternal             :     exinfo->cbsize             = 224
[LOG] SystemI::createSoundInternal             :     exinfo->length             = 3739648
[LOG] SystemI::createSoundInternal             :     exinfo->fileoffset         = 11968
[LOG] SystemI::createSoundInternal             :     exinfo->numsubsounds       = 1
[LOG] SystemI::createSoundInternal             :     exinfo->inclusionlist      = 0x7fe2a6f73070
[LOG] SystemI::createSoundInternal             :     exinfo->inclusionlistnum   = 1
[LOG] SystemI::createSoundInternal             :     exinfo->suggestedsoundtype = 5
[LOG] SystemI::createSoundInternal             :     exinfo->initialseekpostype = 1
[LOG] SystemI::createSoundInternal             :     Stream 0/1: name='LetterSong', format=5, channels=1, frequency=48000, lengthbytes=1351488, lengthpcm=10183680, pcmblocksize=0, loopstart=0, loopend=0, mode=0x00000000, channelmask=0x00000000, channelorder=0, peakvolume=0.981323.
[LOG] AsyncThread::threadFunc                  : Finished Asynchronous operation on sound 0x7fe2a6fe26d8
[LOG] SystemI::createSound                     : filename = ../../UCSC/CMPM 150/PaintedWorldFMOD/Build/Desktop/Master.bank : mode 02010082
[LOG] SystemI::createSound                     : FMOD_NONBLOCKING specified.  Putting into queue to be opened asynchronously!
[LOG] SystemI::createSound                     : setdata soundi = 0x7fe2a08fa618 : node = 0x7fe2a08fa7d0
[LOG] SystemI::createSound                     : add node to async list : head = 0x7fe2a09dbd68.  list count = 0
[LOG] AsyncThread::threadFunc                  : Starting Asynchronous operation on sound 0x7fe2a08fa618
[LOG] SystemI::createSoundInternal             :     Create name='../../UCSC/CMPM 150/PaintedWorldFMOD/Build/Desktop/Master.bank', mode=0x02010082
[LOG] SystemI::createSoundInternal             :     exinfo->cbsize             = 224
[LOG] SystemI::createSoundInternal             :     exinfo->length             = 3739648
[LOG] SystemI::createSoundInternal             :     exinfo->fileoffset         = 11968
[LOG] SystemI::createSoundInternal             :     exinfo->numsubsounds       = 1
[LOG] SystemI::createSoundInternal             :     exinfo->inclusionlist      = 0x7fe2a08fa8e0
[LOG] SystemI::createSoundInternal             :     exinfo->inclusionlistnum   = 1
[LOG] SystemI::createSoundInternal             :     exinfo->suggestedsoundtype = 5
[LOG] SystemI::createSoundInternal             :     exinfo->initialseekpostype = 1
[LOG] SystemI::createSoundInternal             :     Stream 0/1: name='OutsideAmbience', format=5, channels=2, frequency=48000, lengthbytes=755200, lengthpcm=3938093, pcmblocksize=0, loopstart=0, loopend=0, mode=0x00000000, channelmask=0x00000000, channelorder=0, peakvolume=0.024597.
[LOG] AsyncThread::threadFunc                  : Finished Asynchronous operation on sound 0x7fe2a08fa618
[LOG] SoundI::release                          : fireplace (0x7fe29f7e10f8)
[LOG] SoundI::release                          :     fireplace (0x7fe2a0b52468)
[LOG] SoundI::release                          :     fireplace (0x7fe2a0bcb778)
[LOG] SystemI::createSound                     : filename = ../../UCSC/CMPM 150/PaintedWorldFMOD/Build/Desktop/Master.bank : mode 02010082
[LOG] SystemI::createSound                     : FMOD_NONBLOCKING specified.  Putting into queue to be opened asynchronously!
[LOG] SystemI::createSound                     : setdata soundi = 0x7fe2a6f2b0d8 : node = 0x7fe2a6f3b250
[LOG] SystemI::createSound                     : add node to async list : head = 0x7fe2a09dbd68.  list count = 0
[LOG] AsyncThread::threadFunc                  : Starting Asynchronous operation on sound 0x7fe2a6f2b0d8
[LOG] SystemI::createSoundInternal             :     Create name='../../UCSC/CMPM 150/PaintedWorldFMOD/Build/Desktop/Master.bank', mode=0x02010082
[LOG] SystemI::createSoundInternal             :     exinfo->cbsize             = 224
[LOG] SystemI::createSoundInternal             :     exinfo->length             = 3739648
[LOG] SystemI::createSoundInternal             :     exinfo->fileoffset         = 11968
[LOG] SystemI::createSoundInternal             :     exinfo->numsubsounds       = 1
[LOG] SystemI::createSoundInternal             :     exinfo->inclusionlist      = 0x7fe2a6f3b360
[LOG] SystemI::createSoundInternal             :     exinfo->inclusionlistnum   = 1
[LOG] SystemI::createSoundInternal             :     exinfo->suggestedsoundtype = 5
[LOG] SystemI::createSoundInternal             :     exinfo->initialseekpostype = 1
[LOG] SystemI::createSoundInternal             :     Stream 0/1: name='gravel-footsteps', format=5, channels=1, frequency=48000, lengthbytes=287648, lengthpcm=1501742, pcmblocksize=0, loopstart=0, loopend=0, mode=0x00000000, channelmask=0x00000000, channelorder=0, peakvolume=0.885439.
[LOG] AsyncThread::threadFunc                  : Finished Asynchronous operation on sound 0x7fe2a6f2b0d8
[LOG] SoundI::release                          : gravel-footsteps (0x7fe2a6f2b0d8)
[LOG] SoundI::release                          :     gravel-footsteps (0x7fe2a9ffcf58)
[LOG] SoundI::release                          :     gravel-footsteps (0x7fe2a9ffd0e8)
[LOG] SystemI::createSound                     : filename = ../../UCSC/CMPM 150/PaintedWorldFMOD/Build/Desktop/Master.bank : mode 02010082
[LOG] SystemI::createSound                     : FMOD_NONBLOCKING specified.  Putting into queue to be opened asynchronously!
[LOG] SystemI::createSound                     : setdata soundi = 0x7fe2a0929e48 : node = 0x7fe2a092a000
[LOG] SystemI::createSound                     : add node to async list : head = 0x7fe2a09dbd68.  list count = 0
[LOG] AsyncThread::threadFunc                  : Starting Asynchronous operation on sound 0x7fe2a0929e48
[LOG] SystemI::createSoundInternal             :     Create name='../../UCSC/CMPM 150/PaintedWorldFMOD/Build/Desktop/Master.bank', mode=0x02010082
[LOG] SystemI::createSoundInternal             :     exinfo->cbsize             = 224
[LOG] SystemI::createSoundInternal             :     exinfo->length             = 3739648
[LOG] SystemI::createSoundInternal             :     exinfo->fileoffset         = 11968
[LOG] SystemI::createSoundInternal             :     exinfo->numsubsounds       = 1
[LOG] SystemI::createSoundInternal             :     exinfo->inclusionlist      = 0x7fe2a092a110
[LOG] SystemI::createSoundInternal             :     exinfo->inclusionlistnum   = 1
[LOG] SystemI::createSoundInternal             :     exinfo->suggestedsoundtype = 5
[LOG] SystemI::createSoundInternal             :     exinfo->initialseekpostype = 1
[LOG] SystemI::createSoundInternal             :     Stream 0/1: name='gravel-footsteps', format=5, channels=1, frequency=48000, lengthbytes=287648, lengthpcm=1501742, pcmblocksize=0, loopstart=0, loopend=0, mode=0x00000000, channelmask=0x00000000, channelorder=0, peakvolume=0.885439.
[LOG] AsyncThread::threadFunc                  : Finished Asynchronous operation on sound 0x7fe2a0929e48
[LOG] SystemI::createSound                     : filename = ../../UCSC/CMPM 150/PaintedWorldFMOD/Build/Desktop/Master.bank : mode 02010082
[LOG] SystemI::createSound                     : FMOD_NONBLOCKING specified.  Putting into queue to be opened asynchronously!
[LOG] SystemI::createSound                     : setdata soundi = 0x7fe2a0e5c988 : node = 0x7fe2a0e5cb40
[LOG] SystemI::createSound                     : add node to async list : head = 0x7fe2a09dbd68.  list count = 0
[LOG] AsyncThread::threadFunc                  : Starting Asynchronous operation on sound 0x7fe2a0e5c988
[LOG] SystemI::createSoundInternal             :     Create name='../../UCSC/CMPM 150/PaintedWorldFMOD/Build/Desktop/Master.bank', mode=0x02010082
[LOG] SystemI::createSoundInternal             :     exinfo->cbsize             = 224
[LOG] SystemI::createSoundInternal             :     exinfo->length             = 3739648
[LOG] SystemI::createSoundInternal             :     exinfo->fileoffset         = 11968
[LOG] SystemI::createSoundInternal             :     exinfo->numsubsounds       = 1
[LOG] SystemI::createSoundInternal             :     exinfo->inclusionlist      = 0x7fe2a0e5cc50
[LOG] SystemI::createSoundInternal             :     exinfo->inclusionlistnum   = 1
[LOG] SystemI::createSoundInternal             :     exinfo->suggestedsoundtype = 5
[LOG] SystemI::createSoundInternal             :     exinfo->initialseekpostype = 1
[LOG] SystemI::createSoundInternal             :     Stream 0/1: name='leaves-3', format=5, channels=2, frequency=48000, lengthbytes=20736, lengthpcm=108288, pcmblocksize=0, loopstart=0, loopend=0, mode=0x00000000, channelmask=0x00000000, channelorder=0, peakvolume=0.051697.
[LOG] AsyncThread::threadFunc                  : Finished Asynchronous operation on sound 0x7fe2a0e5c988
[LOG] SoundI::release                          : gravel-footsteps (0x7fe2a0929e48)
[LOG] SoundI::release                          :     gravel-footsteps (0x7fe29f78d7a8)
[LOG] SoundI::release                          :     gravel-footsteps (0x7fe29f7f70a8)
[LOG] SystemI::createSound                     : filename = ../../UCSC/CMPM 150/PaintedWorldFMOD/Build/Desktop/Master.bank : mode 02010082
[LOG] SystemI::createSound                     : FMOD_NONBLOCKING specified.  Putting into queue to be opened asynchronously!
[LOG] SystemI::createSound                     : setdata soundi = 0x7fe2a6f3b238 : node = 0x7fe2a9ffcd60
[LOG] SystemI::createSound                     : add node to async list : head = 0x7fe2a09dbd68.  list count = 0
[LOG] AsyncThread::threadFunc                  : Starting Asynchronous operation on sound 0x7fe2a6f3b238
[LOG] SystemI::createSoundInternal             :     Create name='../../UCSC/CMPM 150/PaintedWorldFMOD/Build/Desktop/Master.bank', mode=0x02010082
[LOG] SystemI::createSoundInternal             :     exinfo->cbsize             = 224
[LOG] SystemI::createSoundInternal             :     exinfo->length             = 3739648
[LOG] SystemI::createSoundInternal             :     exinfo->fileoffset         = 11968
[LOG] SystemI::createSoundInternal             :     exinfo->numsubsounds       = 1
[LOG] SystemI::createSoundInternal             :     exinfo->inclusionlist      = 0x7fe2a9ffce70
[LOG] SystemI::createSoundInternal             :     exinfo->inclusionlistnum   = 1
[LOG] SystemI::createSoundInternal             :     exinfo->suggestedsoundtype = 5
[LOG] SystemI::createSoundInternal             :     exinfo->initialseekpostype = 1
[LOG] SystemI::createSoundInternal             :     Stream 0/1: name='gravel-footsteps', format=5, channels=1, frequency=48000, lengthbytes=287648, lengthpcm=1501742, pcmblocksize=0, loopstart=0, loopend=0, mode=0x00000000, channelmask=0x00000000, channelorder=0, peakvolume=0.885439.
[LOG] AsyncThread::threadFunc                  : Finished Asynchronous operation on sound 0x7fe2a6f3b238
[LOG] SoundI::release                          : leaves-3 (0x7fe2a0e5c988)
[LOG] SoundI::release                          :     leaves-3 (0x7fe2a0882fd8)
[LOG] SoundI::release                          :     leaves-3 (0x7fe2a0883168)
[LOG] SoundI::release                          : gravel-footsteps (0x7fe2a6f3b238)
[LOG] SoundI::release                          :     gravel-footsteps (0x7fe2a0883578)
[LOG] SoundI::release                          :     gravel-footsteps (0x7fe2a0882888)
[LOG] SystemI::createSound                     : filename = ../../UCSC/CMPM 150/PaintedWorldFMOD/Build/Desktop/Master.bank : mode 02010082
[LOG] SystemI::createSound                     : FMOD_NONBLOCKING specified.  Putting into queue to be opened asynchronously!
[LOG] SystemI::createSound                     : setdata soundi = 0x7fe2a08f3748 : node = 0x7fe2a6f4c910
[LOG] SystemI::createSound                     : add node to async list : head = 0x7fe2a09dbd68.  list count = 0
[LOG] AsyncThread::threadFunc                  : Starting Asynchronous operation on sound 0x7fe2a08f3748
[LOG] SystemI::createSoundInternal             :     Create name='../../UCSC/CMPM 150/PaintedWorldFMOD/Build/Desktop/Master.bank', mode=0x02010082
[LOG] SystemI::createSoundInternal             :     exinfo->cbsize             = 224
[LOG] SystemI::createSoundInternal             :     exinfo->length             = 3739648
[LOG] SystemI::createSoundInternal             :     exinfo->fileoffset         = 11968
[LOG] SystemI::createSoundInternal             :     exinfo->numsubsounds       = 1
[LOG] SystemI::createSoundInternal             :     exinfo->inclusionlist      = 0x7fe2a6f4ca20
[LOG] SystemI::createSoundInternal             :     exinfo->inclusionlistnum   = 1
[LOG] SystemI::createSoundInternal             :     exinfo->suggestedsoundtype = 5
[LOG] SystemI::createSoundInternal             :     exinfo->initialseekpostype = 1
[LOG] SystemI::createSoundInternal             :     Stream 0/1: name='gravel-footsteps', format=5, channels=1, frequency=48000, lengthbytes=287648, lengthpcm=1501742, pcmblocksize=0, loopstart=0, loopend=0, mode=0x00000000, channelmask=0x00000000, channelorder=0, peakvolume=0.885439.
[LOG] AsyncThread::threadFunc                  : Finished Asynchronous operation on sound 0x7fe2a08f3748
[LOG] SystemI::createSound                     : filename = ../../UCSC/CMPM 150/PaintedWorldFMOD/Build/Desktop/Master.bank : mode 02010082
[LOG] SystemI::createSound                     : FMOD_NONBLOCKING specified.  Putting into queue to be opened asynchronously!
[LOG] SystemI::createSound                     : setdata soundi = 0x7fe2a08ff378 : node = 0x7fe2a08ff530
[LOG] SystemI::createSound                     : add node to async list : head = 0x7fe2a09dbd68.  list count = 0
[LOG] AsyncThread::threadFunc                  : Starting Asynchronous operation on sound 0x7fe2a08ff378
[LOG] SystemI::createSoundInternal             :     Create name='../../UCSC/CMPM 150/PaintedWorldFMOD/Build/Desktop/Master.bank', mode=0x02010082
[LOG] SystemI::createSoundInternal             :     exinfo->cbsize             = 224
[LOG] SystemI::createSoundInternal             :     exinfo->length             = 3739648
[LOG] SystemI::createSoundInternal             :     exinfo->fileoffset         = 11968
[LOG] SystemI::createSoundInternal             :     exinfo->numsubsounds       = 1
[LOG] SystemI::createSoundInternal             :     exinfo->inclusionlist      = 0x7fe2a08ff640
[LOG] SystemI::createSoundInternal             :     exinfo->inclusionlistnum   = 1
[LOG] SystemI::createSoundInternal             :     exinfo->suggestedsoundtype = 5
[LOG] SystemI::createSoundInternal             :     exinfo->initialseekpostype = 1
[LOG] SystemI::createSoundInternal             :     Stream 0/1: name='fireplace', format=5, channels=2, frequency=48000, lengthbytes=1244032, lengthpcm=4646016, pcmblocksize=0, loopstart=0, loopend=0, mode=0x00000000, channelmask=0x00000000, channelorder=0, peakvolume=0.570129.
[LOG] AsyncThread::threadFunc                  : Finished Asynchronous operation on sound 0x7fe2a08ff378
[LOG] SoundI::release                          : gravel-footsteps (0x7fe2a08f3748)
[LOG] SoundI::release                          :     gravel-footsteps (0x7fe2a08fb178)
[LOG] SoundI::release                          :     gravel-footsteps (0x7fe2a08fb308)
[LOG] SoundI::release                          : OutsideAmbience (0x7fe2a08fa618)
[LOG] SoundI::release                          :     OutsideAmbience (0x7fe29f7ee128)
[LOG] SoundI::release                          :     OutsideAmbience (0x7fe29f7d3658)
[LOG] SystemI::createSound                     : filename = ../../UCSC/CMPM 150/PaintedWorldFMOD/Build/Desktop/Master.bank : mode 02010082
[LOG] SystemI::createSound                     : FMOD_NONBLOCKING specified.  Putting into queue to be opened asynchronously!
[LOG] SystemI::createSound                     : setdata soundi = 0x7fe2a0bdedb8 : node = 0x7fe2a0bdef70
[LOG] SystemI::createSound                     : add node to async list : head = 0x7fe2a09dbd68.  list count = 0
[LOG] AsyncThread::threadFunc                  : Starting Asynchronous operation on sound 0x7fe2a0bdedb8
[LOG] SystemI::createSoundInternal             :     Create name='../../UCSC/CMPM 150/PaintedWorldFMOD/Build/Desktop/Master.bank', mode=0x02010082
[LOG] SystemI::createSoundInternal             :     exinfo->cbsize             = 224
[LOG] SystemI::createSoundInternal             :     exinfo->length             = 3739648
[LOG] SystemI::createSoundInternal             :     exinfo->fileoffset         = 11968
[LOG] SystemI::createSoundInternal             :     exinfo->numsubsounds       = 1
[LOG] SystemI::createSoundInternal             :     exinfo->inclusionlist      = 0x7fe2a0bdf080
[LOG] SystemI::createSoundInternal             :     exinfo->inclusionlistnum   = 1
[LOG] SystemI::createSoundInternal             :     exinfo->suggestedsoundtype = 5
[LOG] SystemI::createSoundInternal             :     exinfo->initialseekpostype = 1
[LOG] SystemI::createSoundInternal             :     Stream 0/1: name='OutsideAmbience', format=5, channels=2, frequency=48000, lengthbytes=755200, lengthpcm=3938093, pcmblocksize=0, loopstart=0, loopend=0, mode=0x00000000, channelmask=0x00000000, channelorder=0, peakvolume=0.024597.
[LOG] AsyncThread::threadFunc                  : Finished Asynchronous operation on sound 0x7fe2a0bdedb8
[LOG] SystemI::createSound                     : filename = ../../UCSC/CMPM 150/PaintedWorldFMOD/Build/Desktop/Master.bank : mode 02010082
[LOG] SystemI::createSound                     : FMOD_NONBLOCKING specified.  Putting into queue to be opened asynchronously!
[LOG] SystemI::createSound                     : setdata soundi = 0x7fe2a9ffe4e8 : node = 0x7fe2a9ffe6a0
[LOG] SystemI::createSound                     : add node to async list : head = 0x7fe2a09dbd68.  list count = 0
[LOG] SoundI::release                          : fireplace (0x7fe2a08ff378)
[LOG] SoundI::release                          :     fireplace (0x7fe2a6f4bfa8)
[LOG] SoundI::release                          :     fireplace (0x7fe2a9ffd8d8)
[LOG] AsyncThread::threadFunc                  : Starting Asynchronous operation on sound 0x7fe2a9ffe4e8
[LOG] SystemI::createSoundInternal             :     Create name='../../UCSC/CMPM 150/PaintedWorldFMOD/Build/Desktop/Master.bank', mode=0x02010082
[LOG] SystemI::createSoundInternal             :     exinfo->cbsize             = 224
[LOG] SystemI::createSoundInternal             :     exinfo->length             = 3739648
[LOG] SystemI::createSoundInternal             :     exinfo->fileoffset         = 11968
[LOG] SystemI::createSoundInternal             :     exinfo->numsubsounds       = 1
[LOG] SystemI::createSoundInternal             :     exinfo->inclusionlist      = 0x7fe2a9ffe7b0
[LOG] SystemI::createSoundInternal             :     exinfo->inclusionlistnum   = 1
[LOG] SystemI::createSoundInternal             :     exinfo->suggestedsoundtype = 5
[LOG] SystemI::createSoundInternal             :     exinfo->initialseekpostype = 1
[LOG] SystemI::createSoundInternal             :     Stream 0/1: name='gravel-footsteps', format=5, channels=1, frequency=48000, lengthbytes=287648, lengthpcm=1501742, pcmblocksize=0, loopstart=0, loopend=0, mode=0x00000000, channelmask=0x00000000, channelorder=0, peakvolume=0.885439.
[LOG] AsyncThread::threadFunc                  : Finished Asynchronous operation on sound 0x7fe2a9ffe4e8
[LOG] SoundI::release                          : gravel-footsteps (0x7fe2a9ffe4e8)
[LOG] SoundI::release                          :     gravel-footsteps (0x7fe2a08fe098)
[LOG] SoundI::release                          :     gravel-footsteps (0x7fe2a08faba8)
[LOG] SoundI::release                          : OutsideAmbience (0x7fe2a0bdedb8)
[LOG] SoundI::release                          :     OutsideAmbience (0x7fe2a08fe708)
[LOG] SoundI::release                          :     OutsideAmbience (0x7fe2a08ff1d8)
[LOG] SoundI::release                          : LetterSong (0x7fe2a6fe26d8)
[LOG] SoundI::release                          :     LetterSong (0x7fe2a0b40fd8)
[LOG] SoundI::release                          :     LetterSong (0x7fe2a0b41168)
[LOG] SoundI::release                          :  (0x7fe2a08945c8)
[LOG] SoundI::release                          :     leaves-1 (0x7fe2a08863b8)
[LOG] SoundI::release                          :  (0x7fe2a0872e08)
[LOG] SoundI::release                          :     leaves-2 (0x7fe2a08ba088)
[LOG] SoundI::release                          :  (0x7fe2a6f2eb78)
[LOG] SoundI::release                          :     WoodFootsteps (0x7fe2a6f79eb8)
[LOG] SoundI::release                          :  (0x7fe2a09792a8)
[LOG] SoundI::release                          :     door (0x7fe2a09be418)
[LOG] SoundI::release                          :  (0x7fe2a09d21b8)
[LOG] SoundI::release                          :     RecordPlayerStart (0x7fe2a09d2328)
[LOG] Thread::callback                         : FMOD Studio update thread finished.
[LOG] Thread::callback                         : FMOD Studio bank load thread finished.
[LOG] Profile::disconnectAll                   : Profiler disconnecting all clients
[LOG] Thread::callback                         : FMOD Studio sample load thread finished.
[LOG] LiveUpdate::release                      : 
[LOG] LiveUpdate::reset                        : Reset connection (reason Disconnected)
[LOG] Thread::callback                         : FMOD stream thread finished.
[LOG] Thread::callback                         : FMOD mixer thread finished.
[LOG] Profile::disconnectAll                   : Profiler disconnecting all clients
[LOG] SystemI::close                           : Closed.
[WRN] OutputRingBuffer::read                   : Insufficient buffer size detected, requested 22584 bytes, buffer size is 16384 bytes.
[WRN] OutputRingBuffer::read                   : Insufficient buffer size detected, requested 22576 bytes, buffer size is 16384 bytes.
[WRN] OutputRingBuffer::read                   : Insufficient buffer size detected, requested 22584 bytes, buffer size is 16384 bytes.
[WRN] OutputRingBuffer::read                   : Insufficient buffer size detected, requested 22576 bytes, buffer size is 16384 bytes.
[WRN] OutputRingBuffer::read                   : Insufficient buffer size detected, requested 22576 bytes, buffer size is 16384 bytes.
[WRN] OutputRingBuffer::read                   : Insufficient buffer size detected, requested 22584 bytes, buffer size is 16384 bytes.
[WRN] OutputRingBuffer::read                   : Insufficient buffer size detected, requested 22576 bytes, buffer size is 16384 bytes.
[WRN] OutputRingBuffer::read                   : Insufficient buffer size detected, requested 22584 bytes, buffer size is 16384 bytes.
[WRN] OutputRingBuffer::read                   : Insufficient buffer size detected, requested 22576 bytes, buffer size is 16384 bytes.
[WRN] OutputRingBuffer::read                   : Insufficient buffer size detected, requested 22576 bytes, buffer size is 16384 bytes.
[WRN] OutputRingBuffer::read                   : Insufficient buffer size detected, requested 22584 bytes, buffer size is 16384 bytes.
[LOG] Thread::callback                         : FMOD mixer thread finished.
[LOG] OutputCoreAudio::init                    : Output running 2 channels at 48000Hz sample rate.
[LOG] OutputCoreAudio::init                    : Maximum hardware read size: 512 samples, Software buffer size: 512 samples, Number of software buffers: 4.
[LOG] Thread::initThread                       : Init FMOD mixer thread. Affinity: 0x8000000000000001, Priority: 0xFFFF7FFA, Stack Size: 81920, Semaphore: Yes, Sleep Time: 0, Looping: Yes.
